[1;36m(VllmWorker rank=0 pid=8028)[0;0m Loading safetensors checkpoint shards:   0% Completed | 0/4 [00:00<?, ?it/s]
[1;36m(VllmWorker rank=0 pid=8028)[0;0m Loading safetensors checkpoint shards:  25% Completed | 1/4 [00:17<00:51, 17.15s/it]
[1;36m(VllmWorker rank=0 pid=8028)[0;0m Loading safetensors checkpoint shards:  50% Completed | 2/4 [00:30<00:29, 14.93s/it]
[1;36m(VllmWorker rank=0 pid=8028)[0;0m Loading safetensors checkpoint shards:  75% Completed | 3/4 [00:32<00:08,  8.87s/it]
[1;36m(VllmWorker rank=0 pid=8028)[0;0m Loading safetensors checkpoint shards: 100% Completed | 4/4 [00:44<00:00, 10.33s/it]
[1;36m(VllmWorker rank=0 pid=8028)[0;0m Loading safetensors checkpoint shards: 100% Completed | 4/4 [00:44<00:00, 11.19s/it]
[1;36m(VllmWorker rank=0 pid=8028)[0;0m 
[1;36m(VllmWorker rank=4 pid=8032)[0;0m /gscratch/ark/graf/miniconda3/envs/multilora/lib/python3.10/site-packages/torch/utils/cpp_extension.py:2356: UserWarning: TORCH_CUDA_ARCH_LIST is not set, all archs for visible cards are included for compilation. 
[1;36m(VllmWorker rank=4 pid=8032)[0;0m If this is not desired, please set os.environ['TORCH_CUDA_ARCH_LIST'].
[1;36m(VllmWorker rank=3 pid=8031)[0;0m /gscratch/ark/graf/miniconda3/envs/multilora/lib/python3.10/site-packages/torch/utils/cpp_extension.py:2356: UserWarning: TORCH_CUDA_ARCH_LIST is not set, all archs for visible cards are included for compilation. 
[1;36m(VllmWorker rank=4 pid=8032)[0;0m   warnings.warn(
[1;36m(VllmWorker rank=3 pid=8031)[0;0m If this is not desired, please set os.environ['TORCH_CUDA_ARCH_LIST'].
[1;36m(VllmWorker rank=3 pid=8031)[0;0m   warnings.warn(
[1;36m(VllmWorker rank=2 pid=8030)[0;0m /gscratch/ark/graf/miniconda3/envs/multilora/lib/python3.10/site-packages/torch/utils/cpp_extension.py:2356: UserWarning: TORCH_CUDA_ARCH_LIST is not set, all archs for visible cards are included for compilation. 
[1;36m(VllmWorker rank=2 pid=8030)[0;0m If this is not desired, please set os.environ['TORCH_CUDA_ARCH_LIST'].
[1;36m(VllmWorker rank=2 pid=8030)[0;0m   warnings.warn(
[1;36m(VllmWorker rank=7 pid=8035)[0;0m /gscratch/ark/graf/miniconda3/envs/multilora/lib/python3.10/site-packages/torch/utils/cpp_extension.py:2356: UserWarning: TORCH_CUDA_ARCH_LIST is not set, all archs for visible cards are included for compilation. 
[1;36m(VllmWorker rank=7 pid=8035)[0;0m If this is not desired, please set os.environ['TORCH_CUDA_ARCH_LIST'].
[1;36m(VllmWorker rank=7 pid=8035)[0;0m   warnings.warn(
[1;36m(VllmWorker rank=6 pid=8034)[0;0m /gscratch/ark/graf/miniconda3/envs/multilora/lib/python3.10/site-packages/torch/utils/cpp_extension.py:2356: UserWarning: TORCH_CUDA_ARCH_LIST is not set, all archs for visible cards are included for compilation. 
[1;36m(VllmWorker rank=6 pid=8034)[0;0m If this is not desired, please set os.environ['TORCH_CUDA_ARCH_LIST'].
[1;36m(VllmWorker rank=6 pid=8034)[0;0m   warnings.warn(
[1;36m(VllmWorker rank=0 pid=8028)[0;0m /gscratch/ark/graf/miniconda3/envs/multilora/lib/python3.10/site-packages/torch/utils/cpp_extension.py:2356: UserWarning: TORCH_CUDA_ARCH_LIST is not set, all archs for visible cards are included for compilation. 
[1;36m(VllmWorker rank=0 pid=8028)[0;0m If this is not desired, please set os.environ['TORCH_CUDA_ARCH_LIST'].
[1;36m(VllmWorker rank=0 pid=8028)[0;0m   warnings.warn(
[1;36m(VllmWorker rank=1 pid=8029)[0;0m /gscratch/ark/graf/miniconda3/envs/multilora/lib/python3.10/site-packages/torch/utils/cpp_extension.py:2356: UserWarning: TORCH_CUDA_ARCH_LIST is not set, all archs for visible cards are included for compilation. 
[1;36m(VllmWorker rank=1 pid=8029)[0;0m If this is not desired, please set os.environ['TORCH_CUDA_ARCH_LIST'].
[1;36m(VllmWorker rank=1 pid=8029)[0;0m   warnings.warn(
[1;36m(VllmWorker rank=5 pid=8033)[0;0m /gscratch/ark/graf/miniconda3/envs/multilora/lib/python3.10/site-packages/torch/utils/cpp_extension.py:2356: UserWarning: TORCH_CUDA_ARCH_LIST is not set, all archs for visible cards are included for compilation. 
[1;36m(VllmWorker rank=5 pid=8033)[0;0m If this is not desired, please set os.environ['TORCH_CUDA_ARCH_LIST'].
[1;36m(VllmWorker rank=5 pid=8033)[0;0m   warnings.warn(
INFO:     Started server process [7141]
INFO:     Waiting for application startup.
INFO:     Application startup complete.
[2025-10-16T11:18:02.921] error: *** JOB 30124356 ON g3103 CANCELLED AT 2025-10-16T11:18:02 DUE to SIGNAL Terminated ***
