[1;36m(VllmWorker rank=0 pid=71722)[0;0m Loading safetensors checkpoint shards:   0% Completed | 0/4 [00:00<?, ?it/s]
[1;36m(VllmWorker rank=0 pid=71722)[0;0m Loading safetensors checkpoint shards:  25% Completed | 1/4 [00:13<00:40, 13.54s/it]
[1;36m(VllmWorker rank=0 pid=71722)[0;0m Loading safetensors checkpoint shards:  50% Completed | 2/4 [00:27<00:28, 14.08s/it]
[1;36m(VllmWorker rank=0 pid=71722)[0;0m Loading safetensors checkpoint shards:  75% Completed | 3/4 [00:29<00:08,  8.46s/it]
[1;36m(VllmWorker rank=0 pid=71722)[0;0m Loading safetensors checkpoint shards: 100% Completed | 4/4 [00:42<00:00, 10.13s/it]
[1;36m(VllmWorker rank=0 pid=71722)[0;0m Loading safetensors checkpoint shards: 100% Completed | 4/4 [00:42<00:00, 10.63s/it]
[1;36m(VllmWorker rank=0 pid=71722)[0;0m 
[1;36m(VllmWorker rank=5 pid=71727)[0;0m /gscratch/ark/graf/miniconda3/envs/multilora/lib/python3.10/site-packages/torch/utils/cpp_extension.py:2356: UserWarning: TORCH_CUDA_ARCH_LIST is not set, all archs for visible cards are included for compilation. 
[1;36m(VllmWorker rank=5 pid=71727)[0;0m If this is not desired, please set os.environ['TORCH_CUDA_ARCH_LIST'].
[1;36m(VllmWorker rank=5 pid=71727)[0;0m   warnings.warn(
[1;36m(VllmWorker rank=3 pid=71725)[0;0m /gscratch/ark/graf/miniconda3/envs/multilora/lib/python3.10/site-packages/torch/utils/cpp_extension.py:2356: UserWarning: TORCH_CUDA_ARCH_LIST is not set, all archs for visible cards are included for compilation. 
[1;36m(VllmWorker rank=3 pid=71725)[0;0m If this is not desired, please set os.environ['TORCH_CUDA_ARCH_LIST'].
[1;36m(VllmWorker rank=3 pid=71725)[0;0m   warnings.warn(
[1;36m(VllmWorker rank=4 pid=71726)[0;0m /gscratch/ark/graf/miniconda3/envs/multilora/lib/python3.10/site-packages/torch/utils/cpp_extension.py:2356: UserWarning: TORCH_CUDA_ARCH_LIST is not set, all archs for visible cards are included for compilation. 
[1;36m(VllmWorker rank=4 pid=71726)[0;0m If this is not desired, please set os.environ['TORCH_CUDA_ARCH_LIST'].
[1;36m(VllmWorker rank=4 pid=71726)[0;0m   warnings.warn(
[1;36m(VllmWorker rank=0 pid=71722)[0;0m /gscratch/ark/graf/miniconda3/envs/multilora/lib/python3.10/site-packages/torch/utils/cpp_extension.py:2356: UserWarning: TORCH_CUDA_ARCH_LIST is not set, all archs for visible cards are included for compilation. 
[1;36m(VllmWorker rank=0 pid=71722)[0;0m If this is not desired, please set os.environ['TORCH_CUDA_ARCH_LIST'].
[1;36m(VllmWorker rank=0 pid=71722)[0;0m   warnings.warn(
[1;36m(VllmWorker rank=6 pid=71728)[0;0m /gscratch/ark/graf/miniconda3/envs/multilora/lib/python3.10/site-packages/torch/utils/cpp_extension.py:2356: UserWarning: TORCH_CUDA_ARCH_LIST is not set, all archs for visible cards are included for compilation. 
[1;36m(VllmWorker rank=6 pid=71728)[0;0m If this is not desired, please set os.environ['TORCH_CUDA_ARCH_LIST'].
[1;36m(VllmWorker rank=1 pid=71723)[0;0m /gscratch/ark/graf/miniconda3/envs/multilora/lib/python3.10/site-packages/torch/utils/cpp_extension.py:2356: UserWarning: TORCH_CUDA_ARCH_LIST is not set, all archs for visible cards are included for compilation. 
[1;36m(VllmWorker rank=6 pid=71728)[0;0m   warnings.warn(
[1;36m(VllmWorker rank=1 pid=71723)[0;0m If this is not desired, please set os.environ['TORCH_CUDA_ARCH_LIST'].
[1;36m(VllmWorker rank=1 pid=71723)[0;0m   warnings.warn(
[1;36m(VllmWorker rank=7 pid=71729)[0;0m /gscratch/ark/graf/miniconda3/envs/multilora/lib/python3.10/site-packages/torch/utils/cpp_extension.py:2356: UserWarning: TORCH_CUDA_ARCH_LIST is not set, all archs for visible cards are included for compilation. 
[1;36m(VllmWorker rank=7 pid=71729)[0;0m If this is not desired, please set os.environ['TORCH_CUDA_ARCH_LIST'].
[1;36m(VllmWorker rank=7 pid=71729)[0;0m   warnings.warn(
[1;36m(VllmWorker rank=2 pid=71724)[0;0m /gscratch/ark/graf/miniconda3/envs/multilora/lib/python3.10/site-packages/torch/utils/cpp_extension.py:2356: UserWarning: TORCH_CUDA_ARCH_LIST is not set, all archs for visible cards are included for compilation. 
[1;36m(VllmWorker rank=2 pid=71724)[0;0m If this is not desired, please set os.environ['TORCH_CUDA_ARCH_LIST'].
[1;36m(VllmWorker rank=2 pid=71724)[0;0m   warnings.warn(
INFO:     Started server process [70972]
INFO:     Waiting for application startup.
INFO:     Application startup complete.
[2025-10-16T11:18:03.024] error: *** JOB 30124368 ON g3067 CANCELLED AT 2025-10-16T11:18:03 DUE to SIGNAL Terminated ***
