[1;36m(VllmWorker rank=0 pid=89097)[0;0m Loading safetensors checkpoint shards:   0% Completed | 0/4 [00:00<?, ?it/s]
[1;36m(VllmWorker rank=0 pid=89097)[0;0m Loading safetensors checkpoint shards:  25% Completed | 1/4 [00:13<00:40, 13.60s/it]
[1;36m(VllmWorker rank=0 pid=89097)[0;0m Loading safetensors checkpoint shards:  50% Completed | 2/4 [00:28<00:28, 14.24s/it]
[1;36m(VllmWorker rank=0 pid=89097)[0;0m Loading safetensors checkpoint shards:  75% Completed | 3/4 [00:30<00:08,  8.66s/it]
[1;36m(VllmWorker rank=0 pid=89097)[0;0m Loading safetensors checkpoint shards: 100% Completed | 4/4 [00:43<00:00, 10.55s/it]
[1;36m(VllmWorker rank=0 pid=89097)[0;0m Loading safetensors checkpoint shards: 100% Completed | 4/4 [00:43<00:00, 10.94s/it]
[1;36m(VllmWorker rank=0 pid=89097)[0;0m 
[1;36m(VllmWorker rank=2 pid=89099)[0;0m /gscratch/ark/graf/miniconda3/envs/multilora/lib/python3.10/site-packages/torch/utils/cpp_extension.py:2356: UserWarning: TORCH_CUDA_ARCH_LIST is not set, all archs for visible cards are included for compilation. 
[1;36m(VllmWorker rank=4 pid=89101)[0;0m /gscratch/ark/graf/miniconda3/envs/multilora/lib/python3.10/site-packages/torch/utils/cpp_extension.py:2356: UserWarning: TORCH_CUDA_ARCH_LIST is not set, all archs for visible cards are included for compilation. 
[1;36m(VllmWorker rank=2 pid=89099)[0;0m If this is not desired, please set os.environ['TORCH_CUDA_ARCH_LIST'].
[1;36m(VllmWorker rank=3 pid=89100)[0;0m /gscratch/ark/graf/miniconda3/envs/multilora/lib/python3.10/site-packages/torch/utils/cpp_extension.py:2356: UserWarning: TORCH_CUDA_ARCH_LIST is not set, all archs for visible cards are included for compilation. 
[1;36m(VllmWorker rank=4 pid=89101)[0;0m If this is not desired, please set os.environ['TORCH_CUDA_ARCH_LIST'].
[1;36m(VllmWorker rank=5 pid=89102)[0;0m /gscratch/ark/graf/miniconda3/envs/multilora/lib/python3.10/site-packages/torch/utils/cpp_extension.py:2356: UserWarning: TORCH_CUDA_ARCH_LIST is not set, all archs for visible cards are included for compilation. 
[1;36m(VllmWorker rank=2 pid=89099)[0;0m   warnings.warn(
[1;36m(VllmWorker rank=1 pid=89098)[0;0m /gscratch/ark/graf/miniconda3/envs/multilora/lib/python3.10/site-packages/torch/utils/cpp_extension.py:2356: UserWarning: TORCH_CUDA_ARCH_LIST is not set, all archs for visible cards are included for compilation. 
[1;36m(VllmWorker rank=3 pid=89100)[0;0m If this is not desired, please set os.environ['TORCH_CUDA_ARCH_LIST'].
[1;36m(VllmWorker rank=6 pid=89103)[0;0m /gscratch/ark/graf/miniconda3/envs/multilora/lib/python3.10/site-packages/torch/utils/cpp_extension.py:2356: UserWarning: TORCH_CUDA_ARCH_LIST is not set, all archs for visible cards are included for compilation. 
[1;36m(VllmWorker rank=4 pid=89101)[0;0m   warnings.warn(
[1;36m(VllmWorker rank=7 pid=89104)[0;0m /gscratch/ark/graf/miniconda3/envs/multilora/lib/python3.10/site-packages/torch/utils/cpp_extension.py:2356: UserWarning: TORCH_CUDA_ARCH_LIST is not set, all archs for visible cards are included for compilation. 
[1;36m(VllmWorker rank=5 pid=89102)[0;0m If this is not desired, please set os.environ['TORCH_CUDA_ARCH_LIST'].
[1;36m(VllmWorker rank=1 pid=89098)[0;0m If this is not desired, please set os.environ['TORCH_CUDA_ARCH_LIST'].
[1;36m(VllmWorker rank=3 pid=89100)[0;0m   warnings.warn(
[1;36m(VllmWorker rank=6 pid=89103)[0;0m If this is not desired, please set os.environ['TORCH_CUDA_ARCH_LIST'].
[1;36m(VllmWorker rank=7 pid=89104)[0;0m If this is not desired, please set os.environ['TORCH_CUDA_ARCH_LIST'].
[1;36m(VllmWorker rank=5 pid=89102)[0;0m   warnings.warn(
[1;36m(VllmWorker rank=1 pid=89098)[0;0m   warnings.warn(
[1;36m(VllmWorker rank=0 pid=89097)[0;0m /gscratch/ark/graf/miniconda3/envs/multilora/lib/python3.10/site-packages/torch/utils/cpp_extension.py:2356: UserWarning: TORCH_CUDA_ARCH_LIST is not set, all archs for visible cards are included for compilation. 
[1;36m(VllmWorker rank=6 pid=89103)[0;0m   warnings.warn(
[1;36m(VllmWorker rank=7 pid=89104)[0;0m   warnings.warn(
[1;36m(VllmWorker rank=0 pid=89097)[0;0m If this is not desired, please set os.environ['TORCH_CUDA_ARCH_LIST'].
[1;36m(VllmWorker rank=0 pid=89097)[0;0m   warnings.warn(
INFO:     Started server process [88338]
INFO:     Waiting for application startup.
INFO:     Application startup complete.
[2025-10-16T11:18:02.803] error: *** JOB 30124353 ON g3074 CANCELLED AT 2025-10-16T11:18:02 DUE to SIGNAL Terminated ***
