[1;36m(VllmWorker rank=0 pid=58340)[0;0m Loading safetensors checkpoint shards:   0% Completed | 0/4 [00:00<?, ?it/s]
[1;36m(VllmWorker rank=0 pid=58340)[0;0m Loading safetensors checkpoint shards:  25% Completed | 1/4 [00:14<00:43, 14.65s/it]
[1;36m(VllmWorker rank=0 pid=58340)[0;0m Loading safetensors checkpoint shards:  50% Completed | 2/4 [00:30<00:30, 15.21s/it]
[1;36m(VllmWorker rank=0 pid=58340)[0;0m Loading safetensors checkpoint shards:  75% Completed | 3/4 [00:32<00:09,  9.13s/it]
[1;36m(VllmWorker rank=0 pid=58340)[0;0m Loading safetensors checkpoint shards: 100% Completed | 4/4 [00:45<00:00, 10.91s/it]
[1;36m(VllmWorker rank=0 pid=58340)[0;0m Loading safetensors checkpoint shards: 100% Completed | 4/4 [00:45<00:00, 11.45s/it]
[1;36m(VllmWorker rank=0 pid=58340)[0;0m 
[1;36m(VllmWorker rank=2 pid=58342)[0;0m /gscratch/ark/graf/miniconda3/envs/multilora/lib/python3.10/site-packages/torch/utils/cpp_extension.py:2356: UserWarning: TORCH_CUDA_ARCH_LIST is not set, all archs for visible cards are included for compilation. 
[1;36m(VllmWorker rank=5 pid=58345)[0;0m /gscratch/ark/graf/miniconda3/envs/multilora/lib/python3.10/site-packages/torch/utils/cpp_extension.py:2356: UserWarning: TORCH_CUDA_ARCH_LIST is not set, all archs for visible cards are included for compilation. 
[1;36m(VllmWorker rank=1 pid=58341)[0;0m /gscratch/ark/graf/miniconda3/envs/multilora/lib/python3.10/site-packages/torch/utils/cpp_extension.py:2356: UserWarning: TORCH_CUDA_ARCH_LIST is not set, all archs for visible cards are included for compilation. 
[1;36m(VllmWorker rank=2 pid=58342)[0;0m If this is not desired, please set os.environ['TORCH_CUDA_ARCH_LIST'].
[1;36m(VllmWorker rank=4 pid=58344)[0;0m /gscratch/ark/graf/miniconda3/envs/multilora/lib/python3.10/site-packages/torch/utils/cpp_extension.py:2356: UserWarning: TORCH_CUDA_ARCH_LIST is not set, all archs for visible cards are included for compilation. 
[1;36m(VllmWorker rank=5 pid=58345)[0;0m If this is not desired, please set os.environ['TORCH_CUDA_ARCH_LIST'].
[1;36m(VllmWorker rank=6 pid=58346)[0;0m /gscratch/ark/graf/miniconda3/envs/multilora/lib/python3.10/site-packages/torch/utils/cpp_extension.py:2356: UserWarning: TORCH_CUDA_ARCH_LIST is not set, all archs for visible cards are included for compilation. 
[1;36m(VllmWorker rank=1 pid=58341)[0;0m If this is not desired, please set os.environ['TORCH_CUDA_ARCH_LIST'].
[1;36m(VllmWorker rank=0 pid=58340)[0;0m /gscratch/ark/graf/miniconda3/envs/multilora/lib/python3.10/site-packages/torch/utils/cpp_extension.py:2356: UserWarning: TORCH_CUDA_ARCH_LIST is not set, all archs for visible cards are included for compilation. 
[1;36m(VllmWorker rank=2 pid=58342)[0;0m   warnings.warn(
[1;36m(VllmWorker rank=7 pid=58347)[0;0m /gscratch/ark/graf/miniconda3/envs/multilora/lib/python3.10/site-packages/torch/utils/cpp_extension.py:2356: UserWarning: TORCH_CUDA_ARCH_LIST is not set, all archs for visible cards are included for compilation. 
[1;36m(VllmWorker rank=4 pid=58344)[0;0m If this is not desired, please set os.environ['TORCH_CUDA_ARCH_LIST'].
[1;36m(VllmWorker rank=3 pid=58343)[0;0m /gscratch/ark/graf/miniconda3/envs/multilora/lib/python3.10/site-packages/torch/utils/cpp_extension.py:2356: UserWarning: TORCH_CUDA_ARCH_LIST is not set, all archs for visible cards are included for compilation. 
[1;36m(VllmWorker rank=5 pid=58345)[0;0m   warnings.warn(
[1;36m(VllmWorker rank=6 pid=58346)[0;0m If this is not desired, please set os.environ['TORCH_CUDA_ARCH_LIST'].
[1;36m(VllmWorker rank=1 pid=58341)[0;0m   warnings.warn(
[1;36m(VllmWorker rank=0 pid=58340)[0;0m If this is not desired, please set os.environ['TORCH_CUDA_ARCH_LIST'].
[1;36m(VllmWorker rank=7 pid=58347)[0;0m If this is not desired, please set os.environ['TORCH_CUDA_ARCH_LIST'].
[1;36m(VllmWorker rank=4 pid=58344)[0;0m   warnings.warn(
[1;36m(VllmWorker rank=3 pid=58343)[0;0m If this is not desired, please set os.environ['TORCH_CUDA_ARCH_LIST'].
[1;36m(VllmWorker rank=6 pid=58346)[0;0m   warnings.warn(
[1;36m(VllmWorker rank=0 pid=58340)[0;0m   warnings.warn(
[1;36m(VllmWorker rank=7 pid=58347)[0;0m   warnings.warn(
[1;36m(VllmWorker rank=3 pid=58343)[0;0m   warnings.warn(
INFO:     Started server process [56580]
INFO:     Waiting for application startup.
INFO:     Application startup complete.
[2025-10-16T11:18:02.961] error: *** JOB 30124357 ON g3104 CANCELLED AT 2025-10-16T11:18:02 DUE to SIGNAL Terminated ***
